============================================
C TPU Driver Test Suite
============================================

[Test] FP16 Conversion
  ✓ PASSED: Convert 0.0 to FP16
  ✓ PASSED: Convert 1.0 to FP16
  ✓ PASSED: Negative number has sign bit
  ✓ PASSED: Convert FP16 back to 1.0

[Test] Matrix Operations
  ✓ PASSED: Matrix allocation successful
  ✓ PASSED: Matrix initialized to ones
  ✓ PASSED: Matrix converted to FP16
  ✓ PASSED: Matrix freed successfully

[Test] Command Encoding
  ✓ PASSED: Reset command encoded
  ✓ PASSED: Load matrix command encoded
  ✓ PASSED: Compute command encoded
  ✓ PASSED: Activation parameter encoded

[Test] Data Structures
  ✓ PASSED: Matrix size set correctly
  ✓ PASSED: Data width set correctly
  ✓ PASSED: Interface set correctly
  ✓ PASSED: Baud rate set correctly

[Test] Error Handling
  ✓ PASSED: NULL pointer detection
  ✓ PASSED: Invalid matrix size detection
  ✓ PASSED: Value range validation
  ✓ PASSED: Buffer overflow protection

[Test] Memory Management
  ✓ PASSED: Memory allocation successful
  ✓ PASSED: Memory initialized to zero
  ✓ PASSED: Memory freed successfully
  ✓ PASSED: Multiple allocations successful
  ✓ PASSED: Multiple deallocations successful

[Test] Activation Functions
  ✓ PASSED: ReLU activation code
  ✓ PASSED: Sigmoid activation code
  ✓ PASSED: Tanh activation code
  ✓ PASSED: Activation validation

============================================
Test Summary:
  Total: 7
  PASSED: 29
  FAILED: 0
  STATUS: ✓ ALL TESTS PASSED
============================================
